<?xml version="1.0" encoding="UTF-8"?>
<testng-results skipped="0" failed="0" ignored="0" total="1" passed="1">
  <reporter-output>
  </reporter-output>
  <suite name="Default suite" duration-ms="33" started-at="2018-09-21T13:40:30Z" finished-at="2018-09-21T13:40:30Z">
    <groups>
    </groups>
    <test name="Default test" duration-ms="33" started-at="2018-09-21T13:40:30Z" finished-at="2018-09-21T13:40:30Z">
      <class name="com.practice.testng.FirstAssertTest">
        <test-method status="PASS" signature="firstTest()[pri:0, instance:com.practice.testng.FirstAssertTest@4f933fd1]" name="firstTest" duration-ms="9" started-at="2018-09-21T13:40:30Z" finished-at="2018-09-21T13:40:30Z">
          <reporter-output>
          </reporter-output>
        </test-method> <!-- firstTest -->
      </class> <!-- com.practice.testng.FirstAssertTest -->
    </test> <!-- Default test -->
  </suite> <!-- Default suite -->
</testng-results>
